
*** Running vivado
    with args -log Register.vdi -applog -m64 -product Vivado -messageDb vivado.pb -mode batch -source Register.tcl -notrace


****** Vivado v2018.3 (64-bit)
  **** SW Build 2405991 on Thu Dec  6 23:38:27 MST 2018
  **** IP Build 2404404 on Fri Dec  7 01:43:56 MST 2018
    ** Copyright 1986-2018 Xilinx, Inc. All Rights Reserved.

source Register.tcl -notrace
Command: link_design -top Register -part xc7a35tcsg324-1
Design is defaulting to srcset: sources_1
Design is defaulting to constrset: constrs_1
INFO: [Netlist 29-17] Analyzing 6 Unisim elements for replacement
INFO: [Netlist 29-28] Unisim Transformation completed in 0 CPU seconds
INFO: [Project 1-479] Netlist was created with Vivado 2018.3
INFO: [Device 21-403] Loading part xc7a35tcsg324-1
INFO: [Project 1-570] Preparing netlist for logic optimization
Netlist sorting complete. Time (s): cpu = 00:00:00 ; elapsed = 00:00:00.001 . Memory (MB): peak = 622.895 ; gain = 0.000
INFO: [Project 1-111] Unisim Transformation Summary:
  A total of 6 instances were transformed.
  RAM32M => RAM32M (RAMD32, RAMD32, RAMD32, RAMD32, RAMD32, RAMD32, RAMS32, RAMS32): 6 instances

6 Infos, 0 Warnings, 0 Critical Warnings and 0 Errors encountered.
link_design completed successfully
link_design: Time (s): cpu = 00:00:04 ; elapsed = 00:00:06 . Memory (MB): peak = 622.895 ; gain = 298.609
Command: opt_design
Attempting to get a license for feature 'Implementation' and/or device 'xc7a35t'
INFO: [Common 17-349] Got license for feature 'Implementation' and/or device 'xc7a35t'
Running DRC as a precondition to command opt_design

Starting DRC Task
INFO: [DRC 23-27] Running DRC with 2 threads
ERROR: [DRC MDRV-1] Multiple Driver Nets: Net rdata1_OBUF[0] has multiple drivers: rdata1_OBUF[0]_inst_i_1/O, and rdata1_reg[0]/Q.
ERROR: [DRC MDRV-1] Multiple Driver Nets: Net rdata1_OBUF[10] has multiple drivers: rdata1_OBUF[10]_inst_i_1/O, and rdata1_reg[10]/Q.
ERROR: [DRC MDRV-1] Multiple Driver Nets: Net rdata1_OBUF[11] has multiple drivers: rdata1_OBUF[11]_inst_i_1/O, and rdata1_reg[11]/Q.
ERROR: [DRC MDRV-1] Multiple Driver Nets: Net rdata1_OBUF[12] has multiple drivers: rdata1_OBUF[12]_inst_i_1/O, and rdata1_reg[12]/Q.
ERROR: [DRC MDRV-1] Multiple Driver Nets: Net rdata1_OBUF[13] has multiple drivers: rdata1_OBUF[13]_inst_i_1/O, and rdata1_reg[13]/Q.
ERROR: [DRC MDRV-1] Multiple Driver Nets: Net rdata1_OBUF[14] has multiple drivers: rdata1_OBUF[14]_inst_i_1/O, and rdata1_reg[14]/Q.
ERROR: [DRC MDRV-1] Multiple Driver Nets: Net rdata1_OBUF[15] has multiple drivers: rdata1_OBUF[15]_inst_i_1/O, and rdata1_reg[15]/Q.
ERROR: [DRC MDRV-1] Multiple Driver Nets: Net rdata1_OBUF[1] has multiple drivers: rdata1_OBUF[1]_inst_i_1/O, and rdata1_reg[1]/Q.
ERROR: [DRC MDRV-1] Multiple Driver Nets: Net rdata1_OBUF[2] has multiple drivers: rdata1_OBUF[2]_inst_i_1/O, and rdata1_reg[2]/Q.
ERROR: [DRC MDRV-1] Multiple Driver Nets: Net rdata1_OBUF[3] has multiple drivers: rdata1_OBUF[3]_inst_i_1/O, and rdata1_reg[3]/Q.
ERROR: [DRC MDRV-1] Multiple Driver Nets: Net rdata1_OBUF[4] has multiple drivers: rdata1_OBUF[4]_inst_i_1/O, and rdata1_reg[4]/Q.
ERROR: [DRC MDRV-1] Multiple Driver Nets: Net rdata1_OBUF[5] has multiple drivers: rdata1_OBUF[5]_inst_i_1/O, and rdata1_reg[5]/Q.
ERROR: [DRC MDRV-1] Multiple Driver Nets: Net rdata1_OBUF[6] has multiple drivers: rdata1_OBUF[6]_inst_i_1/O, and rdata1_reg[6]/Q.
ERROR: [DRC MDRV-1] Multiple Driver Nets: Net rdata1_OBUF[7] has multiple drivers: rdata1_OBUF[7]_inst_i_1/O, and rdata1_reg[7]/Q.
ERROR: [DRC MDRV-1] Multiple Driver Nets: Net rdata1_OBUF[8] has multiple drivers: rdata1_OBUF[8]_inst_i_1/O, and rdata1_reg[8]/Q.
ERROR: [DRC MDRV-1] Multiple Driver Nets: Net rdata1_OBUF[9] has multiple drivers: rdata1_OBUF[9]_inst_i_1/O, and rdata1_reg[9]/Q.
ERROR: [DRC MDRV-1] Multiple Driver Nets: Net rdata2_OBUF[0] has multiple drivers: rdata2_OBUF[0]_inst_i_1/O, and rdata2_reg[0]/Q.
ERROR: [DRC MDRV-1] Multiple Driver Nets: Net rdata2_OBUF[10] has multiple drivers: rdata2_OBUF[10]_inst_i_1/O, and rdata2_reg[10]/Q.
ERROR: [DRC MDRV-1] Multiple Driver Nets: Net rdata2_OBUF[11] has multiple drivers: rdata2_OBUF[11]_inst_i_1/O, and rdata2_reg[11]/Q.
ERROR: [DRC MDRV-1] Multiple Driver Nets: Net rdata2_OBUF[12] has multiple drivers: rdata2_OBUF[12]_inst_i_1/O, and rdata2_reg[12]/Q.
ERROR: [DRC MDRV-1] Multiple Driver Nets: Net rdata2_OBUF[13] has multiple drivers: rdata2_OBUF[13]_inst_i_1/O, and rdata2_reg[13]/Q.
ERROR: [DRC MDRV-1] Multiple Driver Nets: Net rdata2_OBUF[14] has multiple drivers: rdata2_OBUF[14]_inst_i_1/O, and rdata2_reg[14]/Q.
ERROR: [DRC MDRV-1] Multiple Driver Nets: Net rdata2_OBUF[15] has multiple drivers: rdata2_OBUF[15]_inst_i_1/O, and rdata2_reg[15]/Q.
ERROR: [DRC MDRV-1] Multiple Driver Nets: Net rdata2_OBUF[1] has multiple drivers: rdata2_OBUF[1]_inst_i_1/O, and rdata2_reg[1]/Q.
ERROR: [DRC MDRV-1] Multiple Driver Nets: Net rdata2_OBUF[2] has multiple drivers: rdata2_OBUF[2]_inst_i_1/O, and rdata2_reg[2]/Q.
ERROR: [DRC MDRV-1] Multiple Driver Nets: Net rdata2_OBUF[3] has multiple drivers: rdata2_OBUF[3]_inst_i_1/O, and rdata2_reg[3]/Q.
ERROR: [DRC MDRV-1] Multiple Driver Nets: Net rdata2_OBUF[4] has multiple drivers: rdata2_OBUF[4]_inst_i_1/O, and rdata2_reg[4]/Q.
ERROR: [DRC MDRV-1] Multiple Driver Nets: Net rdata2_OBUF[5] has multiple drivers: rdata2_OBUF[5]_inst_i_1/O, and rdata2_reg[5]/Q.
ERROR: [DRC MDRV-1] Multiple Driver Nets: Net rdata2_OBUF[6] has multiple drivers: rdata2_OBUF[6]_inst_i_1/O, and rdata2_reg[6]/Q.
ERROR: [DRC MDRV-1] Multiple Driver Nets: Net rdata2_OBUF[7] has multiple drivers: rdata2_OBUF[7]_inst_i_1/O, and rdata2_reg[7]/Q.
ERROR: [DRC MDRV-1] Multiple Driver Nets: Net rdata2_OBUF[8] has multiple drivers: rdata2_OBUF[8]_inst_i_1/O, and rdata2_reg[8]/Q.
ERROR: [DRC MDRV-1] Multiple Driver Nets: Net rdata2_OBUF[9] has multiple drivers: rdata2_OBUF[9]_inst_i_1/O, and rdata2_reg[9]/Q.
INFO: [Project 1-461] DRC finished with 32 Errors
INFO: [Project 1-462] Please refer to the DRC report (report_drc) for more information.
ERROR: [Vivado_Tcl 4-78] Error(s) found during DRC. Opt_design not run.

Time (s): cpu = 00:00:01 ; elapsed = 00:00:00.508 . Memory (MB): peak = 641.176 ; gain = 18.250
INFO: [Common 17-83] Releasing license: Implementation
11 Infos, 0 Warnings, 0 Critical Warnings and 33 Errors encountered.
opt_design failed
ERROR: [Common 17-39] 'opt_design' failed due to earlier errors.

INFO: [Common 17-206] Exiting Vivado at Wed Jun 14 04:01:59 2023...
