#-----------------------------------------------------------
# Vivado v2018.3 (64-bit)
# SW Build 2405991 on Thu Dec  6 23:38:27 MST 2018
# IP Build 2404404 on Fri Dec  7 01:43:56 MST 2018
# Start of session at: Sun Dec 24 21:35:15 2023
# Process ID: 39472
# Current directory: D:/Progress/Vivado/project_1
# Command line: vivado.exe -gui_launcher_event rodinguilauncherevent50804 D:\Progress\Vivado\project_1\project_1.xpr
# Log file: D:/Progress/Vivado/project_1/vivado.log
# Journal file: D:/Progress/Vivado/project_1\vivado.jou
#-----------------------------------------------------------
start_guioopen_project D:/Progress/Vivado/project_1/project_1.xpr
Scanning sources...
Finished scanning sources
INFO: [IP_Flow 19-234] Refreshing IP repositories
INFO: [IP_Flow 19-1704] No user IP repositories specified
INFO: [IP_Flow 19-2313] Loaded Vivado IP repository 'D:/Vivado/Vivado/2018.3/data/ip'.
open_project: Time (s): cpu = 00:00:11 ; elapsed = 00:00:06 . Memory (MB): peak = 812.812 ; gain = 154.160
update_compile_order -fileset sources_1lexit
INFO: [Common 17-206] Exiting Vivado at Sun Dec 24 21:41:07 2023...
n 'D:/Progress/Vivado/project_1/project_1.sim/sim_1/behav/xsim'
INFO: [SIM-utils-51] Simulation object is 'sim_1'
INFO: [SIM-utils-54] Inspecting design source files for 'tb_riscv_top' in fileset 'sim_1'...
INFO: [USF-XSim-97] Finding global include files...
INFO: [USF-XSim-98] Fetching design files from 'sim_1'...
INFO: [USF-XSim-2] XSim::Compile design
INFO: [USF-XSim-61] Executing 'COMPILE and ANALYZE' step in 'D:/Progress/Vivado/project_1/project_1.sim/sim_1/behav/xsim'
"xvlog --incr --relax -prj tb_riscv_top_vlog.prj"
INFO: [USF-XSim-69] 'compile' step finished in '2' seconds
INFO: [USF-XSim-3] XSim::Elaborate design
INFO: [USF-XSim-61] Executing 'ELABORATE' step in 'D:/Progress/Vivado/project_1/project_1.sim/sim_1/behav/xsim'
Vivado Simulator 2018.3
Copyright 1986-1999, 2001-2018 Xilinx, Inc. All Rights Reserved.
Running: D:/Vivado/Vivado/2018.3/bin/unwrapped/win64.o/xelab.exe -wto 2dac3e58a7ce4ef09ecf97c5020f6ac2 --incr --debug typical --relax --mt 2 -L xil_defaultlib -L unisims_ver -L unimacro_ver -L secureip --snapshot tb_riscv_top_behav xil_defaultlib.tb_riscv_top xil_defaultlib.glbl -log elaborate.log 
Using 2 slave threads.
Starting static elaboration
Completed static elaboration
INFO: [XSIM 43-4323] No Change in HDL. Linking previously generated obj files to create kernel
INFO: [USF-XSim-69] 'elaborate' step finished in '1' seconds
INFO: [USF-XSim-4] XSim::Simulate design
INFO: [USF-XSim-61] Executing 'SIMULATE' step in 'D:/Progress/Vivado/project_1/project_1.sim/sim_1/behav/xsim'
INFO: [USF-XSim-98] *** Running xsim
   with args "tb_riscv_top_behav -key {Behavioral:sim_1:Functional:tb_riscv_top} -tclbatch {tb_riscv_top.tcl} -log {simulate.log}"
INFO: [USF-XSim-8] Loading simulator feature
Vivado Simulator 2018.3
Time resolution is 1 ps
source tb_riscv_top.tcl
# set curr_wave [current_wave_config]
# if { [string length $curr_wave] == 0 } {
#   if { [llength [get_objects]] > 0} {
#     add_wave /
#     set_property needs_save false [current_wave_config]
#   } else {
#      send_msg_id Add_Wave-1 WARNING "No top level signals found. Simulator will start without a wave window. If you want to open a wave window go to 'File->New Waveform Configuration' or type 'create_wave_config' in the TCL console."
#   }
# }
# run 1000ns
WARNING: File D:/Progress/Vivado/project_1/project_1.srcs/sources_1/newrom_binary_file.txt referenced on D:/Progress/Vivado/project_1/project_1.srcs/sources_1/new/instr_memory.v at line 12 cannot be opened for reading. Please ensure that this file is available in the current working directory.
INFO: [USF-XSim-96] XSim completed. Design snapshot 'tb_riscv_top_behav' loaded.
INFO: [USF-XSim-97] XSim simulation ran for 1000ns
launch_simulation: Time (s): cpu = 00:00:07 ; elapsed = 00:00:06 . Memory (MB): peak = 851.801 ; gain = 26.230
current_wave_config {Untitled 1}
Untitled 1
add_wave {{/tb_riscv_top/uut/riscv_inst/datapath_inst/id_stage_inst/registers_inst/regs}} 
restart
INFO: [Simtcl 6-17] Simulation restarted
restart
INFO: [Simtcl 6-17] Simulation restarted
restart
INFO: [Simtcl 6-17] Simulation restarted
run all
WARNING: File D:/Progress/Vivado/project_1/project_1.srcs/sources_1/newrom_binary_file.txt referenced on D:/Progress/Vivado/project_1/project_1.srcs/sources_1/new/instr_memory.v at line 12 cannot be opened for reading. Please ensure that this file is available in the current working directory.
run: Time (s): cpu = 00:00:04 ; elapsed = 00:00:06 . Memory (MB): peak = 869.578 ; gain = 0.000
close_sim
INFO: [Simtcl 6-16] Simulation closed
exit
INFO: [Common 17-206] Exiting Vivado at Sun Dec 24 21:47:19 2023...
