Copyright 1986-2018 Xilinx, Inc. All Rights Reserved.
--------------------------------------------------------------------------------------
| Tool Version : Vivado v.2018.3 (win64) Build 2405991 Thu Dec  6 23:38:27 MST 2018
| Date         : Sun Dec 24 21:20:12 2023
| Host         : LAPTOP-6URJ05E7 running 64-bit major release  (build 9200)
| Command      : report_control_sets -verbose -file riscv_top_control_sets_placed.rpt
| Design       : riscv_top
| Device       : xc7a35t
--------------------------------------------------------------------------------------

Control Set Information

Table of Contents
-----------------
1. Summary
2. Histogram
3. Flip-Flop Distribution
4. Detailed Control Set Information

1. Summary
----------

+----------------------------------------------------------+-------+
|                          Status                          | Count |
+----------------------------------------------------------+-------+
| Number of unique control sets                            |     1 |
| Unused register locations in slices containing registers |     0 |
+----------------------------------------------------------+-------+


2. Histogram
------------

+--------+--------------+
| Fanout | Control Sets |
+--------+--------------+
|      8 |            1 |
+--------+--------------+


3. Flip-Flop Distribution
-------------------------

+--------------+-----------------------+------------------------+-----------------+--------------+
| Clock Enable | Synchronous Set/Reset | Asynchronous Set/Reset | Total Registers | Total Slices |
+--------------+-----------------------+------------------------+-----------------+--------------+
| No           | No                    | No                     |               0 |            0 |
| No           | No                    | Yes                    |               8 |            3 |
| No           | Yes                   | No                     |               0 |            0 |
| Yes          | No                    | No                     |               0 |            0 |
| Yes          | No                    | Yes                    |               0 |            0 |
| Yes          | Yes                   | No                     |               0 |            0 |
+--------------+-----------------------+------------------------+-----------------+--------------+


4. Detailed Control Set Information
-----------------------------------

+----------------+---------------+----------------------------------------------------------------------+------------------+----------------+
|  Clock Signal  | Enable Signal |                           Set/Reset Signal                           | Slice Load Count | Bel Load Count |
+----------------+---------------+----------------------------------------------------------------------+------------------+----------------+
|  clk_IBUF_BUFG |               | riscv_inst/datapath_inst/if_stage_inst/pc_reg_inst/pc_out[9]_i_2_n_0 |                3 |              8 |
+----------------+---------------+----------------------------------------------------------------------+------------------+----------------+


