INFO: [VRFC 10-2263] Analyzing Verilog file "D:/Progress/Vivado/project_1/project_1.srcs/sources_1/new/Adder.v" into library xil_defaultlib
INFO: [VRFC 10-311] analyzing module Adder
INFO: [VRFC 10-2263] Analyzing Verilog file "D:/Progress/Vivado/project_1/project_1.srcs/sources_1/new/Shifter.v" into library xil_defaultlib
INFO: [VRFC 10-311] analyzing module Shifter
INFO: [VRFC 10-2263] Analyzing Verilog file "D:/Progress/Vivado/project_1/project_1.srcs/sources_1/new/alu.v" into library xil_defaultlib
INFO: [VRFC 10-311] analyzing module alu
INFO: [VRFC 10-2263] Analyzing Verilog file "D:/Progress/Vivado/project_1/project_1.srcs/sources_1/new/branch_judge.v" into library xil_defaultlib
INFO: [VRFC 10-311] analyzing module branch_judge
INFO: [VRFC 10-2263] Analyzing Verilog file "D:/Progress/Vivado/project_1/project_1.srcs/sources_1/new/cla_4.v" into library xil_defaultlib
INFO: [VRFC 10-311] analyzing module cla_4
INFO: [VRFC 10-2263] Analyzing Verilog file "D:/Progress/Vivado/project_1/project_1.srcs/sources_1/new/cla_adder32.v" into library xil_defaultlib
INFO: [VRFC 10-311] analyzing module cla_adder32
INFO: [VRFC 10-2263] Analyzing Verilog file "D:/Progress/Vivado/project_1/project_1.srcs/sources_1/new/control.v" into library xil_defaultlib
INFO: [VRFC 10-311] analyzing module control
INFO: [VRFC 10-311] analyzing module main_control
INFO: [VRFC 10-311] analyzing module alu_control
INFO: [VRFC 10-2263] Analyzing Verilog file "D:/Progress/Vivado/project_1/project_1.srcs/sources_1/new/data_memory.v" into library xil_defaultlib
INFO: [VRFC 10-311] analyzing module data_memory
INFO: [VRFC 10-2263] Analyzing Verilog file "D:/Progress/Vivado/project_1/project_1.srcs/sources_1/new/datapath.v" into library xil_defaultlib
INFO: [VRFC 10-311] analyzing module datapath
INFO: [VRFC 10-2263] Analyzing Verilog file "D:/Progress/Vivado/project_1/project_1.srcs/sources_1/new/ex_mem_regs.v" into library xil_defaultlib
INFO: [VRFC 10-311] analyzing module ex_mem_regs
INFO: [VRFC 10-2263] Analyzing Verilog file "D:/Progress/Vivado/project_1/project_1.srcs/sources_1/new/ex_stage.v" into library xil_defaultlib
INFO: [VRFC 10-311] analyzing module ex_stage
INFO: [VRFC 10-2263] Analyzing Verilog file "D:/Progress/Vivado/project_1/project_1.srcs/sources_1/new/forward_unit.v" into library xil_defaultlib
INFO: [VRFC 10-311] analyzing module forward_unit
INFO: [VRFC 10-2263] Analyzing Verilog file "D:/Progress/Vivado/project_1/project_1.srcs/sources_1/new/id_ex_regs.v" into library xil_defaultlib
INFO: [VRFC 10-311] analyzing module id_ex_regs
INFO: [VRFC 10-2263] Analyzing Verilog file "D:/Progress/Vivado/project_1/project_1.srcs/sources_1/new/id_stage.v" into library xil_defaultlib
INFO: [VRFC 10-311] analyzing module id_stage
INFO: [VRFC 10-2263] Analyzing Verilog file "D:/Progress/Vivado/project_1/project_1.srcs/sources_1/new/if_id_regs.v" into library xil_defaultlib
INFO: [VRFC 10-311] analyzing module if_id_regs
INFO: [VRFC 10-2263] Analyzing Verilog file "D:/Progress/Vivado/project_1/project_1.srcs/sources_1/new/if_stage.v" into library xil_defaultlib
INFO: [VRFC 10-311] analyzing module if_stage
INFO: [VRFC 10-2263] Analyzing Verilog file "D:/Progress/Vivado/project_1/project_1.srcs/sources_1/new/instr_decode.v" into library xil_defaultlib
INFO: [VRFC 10-311] analyzing module instr_decode
INFO: [VRFC 10-2263] Analyzing Verilog file "D:/Progress/Vivado/project_1/project_1.srcs/sources_1/new/instr_memory.v" into library xil_defaultlib
INFO: [VRFC 10-311] analyzing module instr_memory
INFO: [VRFC 10-2263] Analyzing Verilog file "D:/Progress/Vivado/project_1/project_1.srcs/sources_1/new/mem_stage.v" into library xil_defaultlib
INFO: [VRFC 10-311] analyzing module mem_stage
INFO: [VRFC 10-2263] Analyzing Verilog file "D:/Progress/Vivado/project_1/project_1.srcs/sources_1/new/mem_wb_regs.v" into library xil_defaultlib
INFO: [VRFC 10-311] analyzing module mem_wb_regs
INFO: [VRFC 10-2263] Analyzing Verilog file "D:/Progress/Vivado/project_1/project_1.srcs/sources_1/new/mux.v" into library xil_defaultlib
INFO: [VRFC 10-311] analyzing module mux
INFO: [VRFC 10-2263] Analyzing Verilog file "D:/Progress/Vivado/project_1/project_1.srcs/sources_1/new/mux3_1.v" into library xil_defaultlib
INFO: [VRFC 10-311] analyzing module mux3_1
INFO: [VRFC 10-2263] Analyzing Verilog file "D:/Progress/Vivado/project_1/project_1.srcs/sources_1/new/pc_reg.v" into library xil_defaultlib
INFO: [VRFC 10-311] analyzing module pc_reg
INFO: [VRFC 10-2263] Analyzing Verilog file "D:/Progress/Vivado/project_1/project_1.srcs/sources_1/new/register.v" into library xil_defaultlib
INFO: [VRFC 10-311] analyzing module registers
INFO: [VRFC 10-2263] Analyzing Verilog file "D:/Progress/Vivado/project_1/project_1.srcs/sources_1/new/riscv.v" into library xil_defaultlib
INFO: [VRFC 10-311] analyzing module riscv
INFO: [VRFC 10-2263] Analyzing Verilog file "D:/Progress/Vivado/project_1/project_1.srcs/sources_1/new/riscv_top.v" into library xil_defaultlib
INFO: [VRFC 10-311] analyzing module riscv_top
INFO: [VRFC 10-2263] Analyzing Verilog file "D:/Progress/Vivado/project_1/project_1.srcs/sources_1/new/wb_stage.v" into library xil_defaultlib
INFO: [VRFC 10-311] analyzing module wb_stage
INFO: [VRFC 10-2263] Analyzing Verilog file "D:/Progress/Vivado/project_1/project_1.srcs/sim_1/new/tb_riscv_top.v" into library xil_defaultlib
INFO: [VRFC 10-311] analyzing module tb_riscv_top
